<?xml version="1.0" encoding="UTF-8"?>
<!-- Generated by org.testng.reporters.JUnitXMLReporter -->
<testsuite ignored="2" hostname="Prasadgvv" failures="0" tests="1" name="smoke" time="2.937" errors="0" timestamp="2023-09-28T16:13:20 IST">
  <testcase classname="com.api.testscripts.GetSingleUser" name="SingleUser" time="2.887"/>
  <testcase classname="com.api.base.Base" name="@AfterSuite tearDown" time="0.0">
    <ignored/>
  </testcase> <!-- @AfterSuite tearDown -->
  <testcase classname="com.api.base.Base" name="@BeforeSuite setUp" time="0.0">
    <ignored/>
  </testcase> <!-- @BeforeSuite setUp -->
</testsuite> <!-- smoke -->
