<?xml version="1.0" encoding="UTF-8"?>
<testng-results ignored="2" total="3" passed="1" failed="0" skipped="0">
  <reporter-output>
  </reporter-output>
  <suite started-at="2023-09-28T16:13:17 IST" name="Suite" finished-at="2023-09-28T16:13:20 IST" duration-ms="2937">
    <groups>
    </groups>
    <test started-at="2023-09-28T16:13:17 IST" name="smoke" finished-at="2023-09-28T16:13:20 IST" duration-ms="2937">
      <class name="com.api.base.Base">
        <test-method is-config="true" signature="setUp()[pri:0, instance:com.api.base.Base@3cebbb30]" started-at="2023-09-28T16:13:17 IST" name="setUp" finished-at="2023-09-28T16:13:17 IST" duration-ms="219" status="PASS">
          <reporter-output>
          </reporter-output>
        </test-method> <!-- setUp -->
        <test-method is-config="true" signature="tearDown()[pri:0, instance:com.api.base.Base@3cebbb30]" started-at="2023-09-28T16:13:20 IST" name="tearDown" finished-at="2023-09-28T16:13:21 IST" duration-ms="327" status="PASS">
          <reporter-output>
          </reporter-output>
        </test-method> <!-- tearDown -->
      </class> <!-- com.api.base.Base -->
      <class name="com.api.testscripts.GetSingleUser">
        <test-method signature="SingleUser()[pri:0, instance:com.api.testscripts.GetSingleUser@1151e434]" started-at="2023-09-28T16:13:17 IST" name="SingleUser" finished-at="2023-09-28T16:13:20 IST" duration-ms="2887" status="PASS">
          <reporter-output>
          </reporter-output>
        </test-method> <!-- SingleUser -->
      </class> <!-- com.api.testscripts.GetSingleUser -->
    </test> <!-- smoke -->
  </suite> <!-- Suite -->
</testng-results>
