<?xml version="1.0" encoding="UTF-8"?>
<testng-results ignored="0" total="1" passed="1" failed="0" skipped="0">
  <reporter-output>
  </reporter-output>
  <suite started-at="2023-09-14T17:51:32 IST" name="Default suite" finished-at="2023-09-14T17:51:36 IST" duration-ms="3939">
    <groups>
    </groups>
    <test started-at="2023-09-14T17:51:32 IST" name="Default test" finished-at="2023-09-14T17:51:36 IST" duration-ms="3939">
      <class name="com.api.testscripts.BDD">
        <test-method signature="newPost()[pri:0, instance:com.api.testscripts.BDD@29e495ff]" started-at="2023-09-14T17:51:32 IST" name="newPost" finished-at="2023-09-14T17:51:36 IST" duration-ms="3867" status="PASS">
          <reporter-output>
          </reporter-output>
        </test-method> <!-- newPost -->
      </class> <!-- com.api.testscripts.BDD -->
    </test> <!-- Default test -->
  </suite> <!-- Default suite -->
</testng-results>
